<?xml version="1.0" encoding="UTF-8"?>
<!-- Generated by org.testng.reporters.JUnitReportReporter -->
<testsuite hostname="Kelly-PC" name="mavenDemo.TestFacebookRegistrationChrome" tests="1" failures="0" timestamp="17 Jan 2018 15:22:45 GMT" time="26.120" errors="0">
  <testcase name="TestFireFox" time="26.120" classname="mavenDemo.TestFacebookRegistrationChrome"/>
</testsuite> <!-- mavenDemo.TestFacebookRegistrationChrome -->
