<?xml version="1.0" encoding="UTF-8"?>
<!-- Generated by org.testng.reporters.JUnitReportReporter -->
<testsuite hostname="Kelly-PC" name="mavenDemo.TestFacebookRegistration" tests="1" failures="0" timestamp="17 Jan 2018 15:02:12 GMT" time="18.765" errors="0">
  <testcase name="TestFireFox" time="18.765" classname="mavenDemo.TestFacebookRegistration"/>
</testsuite> <!-- mavenDemo.TestFacebookRegistration -->
